<?xml version="1.0" encoding="UTF-8"?>
<testng-results ignored="0" total="4" passed="1" failed="3" skipped="0">
  <reporter-output>
  </reporter-output>
  <suite started-at="2023-12-14T22:53:03 IST" name="test1" finished-at="2023-12-14T22:54:05 IST" duration-ms="62784">
    <groups>
      <group name="cucumber">
        <method signature="AbstractTestNGCucumberTests.runScenario(io.cucumber.testng.PickleWrapper,io.cucumber.testng.FeatureWrapper)[pri:0, instance:com.BooksWagon.Runner.TestRunner3@302c971f]" name="runScenario" class="io.cucumber.testng.AbstractTestNGCucumberTests"/>
      </group> <!-- cucumber -->
    </groups>
    <test started-at="2023-12-14T22:53:03 IST" name="POMframework for Login" finished-at="2023-12-14T22:54:05 IST" duration-ms="62784">
      <class name="com.BooksWagon.Runner.TestRunner3">
        <test-method is-config="true" signature="setUpClass(org.testng.ITestContext)[pri:0, instance:com.BooksWagon.Runner.TestRunner3@302c971f]" started-at="2023-12-14T22:53:03 IST" name="setUpClass" finished-at="2023-12-14T22:53:04 IST" duration-ms="1127" status="PASS">
          <params>
            <param index="0">
              <value>
                <![CDATA[org.testng.TestRunner@be9cc86]]>
              </value>
            </param>
          </params>
          <reporter-output>
          </reporter-output>
        </test-method> <!-- setUpClass -->
        <test-method signature="runScenario(io.cucumber.testng.PickleWrapper,io.cucumber.testng.FeatureWrapper)[pri:0, instance:com.BooksWagon.Runner.TestRunner3@302c971f]" started-at="2023-12-14T22:53:04 IST" name="runScenario" description="Runs Cucumber Scenarios" data-provider="scenarios" finished-at="2023-12-14T22:53:24 IST" duration-ms="19652" status="FAIL">
          <params>
            <param index="0">
              <value>
                <![CDATA["Request a Book in BooksWagon Website"]]>
              </value>
            </param>
            <param index="1">
              <value>
                <![CDATA["Testing RequestBook Functionality"]]>
              </value>
            </param>
          </params>
          <exception class="java.lang.AssertionError">
            <message>
              <![CDATA[Book Already Requested did not expect [You have requested for this book before.] but found [You have requested for this book before.]]]>
            </message>
            <full-stacktrace>
              <![CDATA[java.lang.AssertionError: Book Already Requested did not expect [You have requested for this book before.] but found [You have requested for this book before.]
at org.testng.Assert.fail(Assert.java:110)
at org.testng.Assert.failEquals(Assert.java:1581)
at org.testng.Assert.assertNotEqualsImpl(Assert.java:156)
at org.testng.Assert.assertNotEquals(Assert.java:2197)
at com.BooksWagon.StepDefinition.RequestaBookStepDefinition.request_should_be_notify_to_them(RequestaBookStepDefinition.java:83)
at ✽.request should be notify to them(file:///C:/Users/USER/eclipse-workspace/BooksWagon-Project/src/test/resources/RequestABook.feature:7)
]]>
            </full-stacktrace>
          </exception> <!-- java.lang.AssertionError -->
          <reporter-output>
          </reporter-output>
        </test-method> <!-- runScenario -->
        <test-method signature="runScenario(io.cucumber.testng.PickleWrapper,io.cucumber.testng.FeatureWrapper)[pri:0, instance:com.BooksWagon.Runner.TestRunner3@302c971f]" started-at="2023-12-14T22:53:24 IST" name="runScenario" description="Runs Cucumber Scenarios" data-provider="scenarios" finished-at="2023-12-14T22:53:41 IST" duration-ms="16181" status="FAIL">
          <params>
            <param index="0">
              <value>
                <![CDATA["Request a Book in BooksWagon Website"]]>
              </value>
            </param>
            <param index="1">
              <value>
                <![CDATA["Testing RequestBook Functionality"]]>
              </value>
            </param>
          </params>
          <exception class="java.lang.AssertionError">
            <message>
              <![CDATA[Book Already Requested did not expect [You have requested for this book before.] but found [You have requested for this book before.]]]>
            </message>
            <full-stacktrace>
              <![CDATA[java.lang.AssertionError: Book Already Requested did not expect [You have requested for this book before.] but found [You have requested for this book before.]
at org.testng.Assert.fail(Assert.java:110)
at org.testng.Assert.failEquals(Assert.java:1581)
at org.testng.Assert.assertNotEqualsImpl(Assert.java:156)
at org.testng.Assert.assertNotEquals(Assert.java:2197)
at com.BooksWagon.StepDefinition.RequestaBookStepDefinition.request_should_be_notify_to_them(RequestaBookStepDefinition.java:83)
at ✽.request should be notify to them(file:///C:/Users/USER/eclipse-workspace/BooksWagon-Project/src/test/resources/RequestABook.feature:7)
]]>
            </full-stacktrace>
          </exception> <!-- java.lang.AssertionError -->
          <reporter-output>
          </reporter-output>
        </test-method> <!-- runScenario -->
        <test-method signature="runScenario(io.cucumber.testng.PickleWrapper,io.cucumber.testng.FeatureWrapper)[pri:0, instance:com.BooksWagon.Runner.TestRunner3@302c971f]" started-at="2023-12-14T22:53:41 IST" name="runScenario" description="Runs Cucumber Scenarios" data-provider="scenarios" finished-at="2023-12-14T22:53:52 IST" duration-ms="11408" status="PASS">
          <params>
            <param index="0">
              <value>
                <![CDATA["search item in the search box  scenario"]]>
              </value>
            </param>
            <param index="1">
              <value>
                <![CDATA["TodaysDeal and Search box testing"]]>
              </value>
            </param>
          </params>
          <reporter-output>
          </reporter-output>
        </test-method> <!-- runScenario -->
        <test-method signature="runScenario(io.cucumber.testng.PickleWrapper,io.cucumber.testng.FeatureWrapper)[pri:0, instance:com.BooksWagon.Runner.TestRunner3@302c971f]" started-at="2023-12-14T22:53:52 IST" name="runScenario" description="Runs Cucumber Scenarios" data-provider="scenarios" finished-at="2023-12-14T22:54:01 IST" duration-ms="8701" status="FAIL">
          <params>
            <param index="0">
              <value>
                <![CDATA["search item in the search box  scenario"]]>
              </value>
            </param>
            <param index="1">
              <value>
                <![CDATA["TodaysDeal and Search box testing"]]>
              </value>
            </param>
          </params>
          <exception class="java.lang.AssertionError">
            <message>
              <![CDATA[Assert not same search item expected [Beyond The Story: 10-Year Record of BTS] but found [BTS BOOK]]]>
            </message>
            <full-stacktrace>
              <![CDATA[java.lang.AssertionError: Assert not same search item expected [Beyond The Story: 10-Year Record of BTS] but found [BTS BOOK]
at org.testng.Assert.fail(Assert.java:110)
at org.testng.Assert.failNotEquals(Assert.java:1577)
at org.testng.Assert.assertEqualsImpl(Assert.java:149)
at org.testng.Assert.assertEquals(Assert.java:131)
at org.testng.Assert.assertEquals(Assert.java:655)
at com.BooksWagon.StepDefinition.SearchBoxStepDefinition.user_click_on_search_button(SearchBoxStepDefinition.java:48)
at ✽.User click on search button(file:///C:/Users/USER/eclipse-workspace/BooksWagon-Project/src/test/resources/SearchAndTodaysDealFeature.feature:5)
]]>
            </full-stacktrace>
          </exception> <!-- java.lang.AssertionError -->
          <reporter-output>
          </reporter-output>
        </test-method> <!-- runScenario -->
        <test-method is-config="true" signature="tearDownClass()[pri:0, instance:com.BooksWagon.Runner.TestRunner3@302c971f]" started-at="2023-12-14T22:54:01 IST" name="tearDownClass" finished-at="2023-12-14T22:54:05 IST" duration-ms="4279" status="PASS">
          <reporter-output>
          </reporter-output>
        </test-method> <!-- tearDownClass -->
      </class> <!-- com.BooksWagon.Runner.TestRunner3 -->
    </test> <!-- POMframework for Login -->
  </suite> <!-- test1 -->
</testng-results>
