<?xml version="1.0" encoding="UTF-8"?>
<!-- Generated by org.testng.reporters.JUnitReportReporter -->
<testsuite hostname="LenovoIdeaPad" failures="3" tests="4" name="com.BooksWagon.Runner.TestRunner3" time="55.942" errors="0" timestamp="2023-12-14T22:54:07 IST" skipped="0">
  <testcase classname="com.BooksWagon.Runner.TestRunner3" name="runScenario" time="11.408"/>
  <system-out/>
  <testcase classname="com.BooksWagon.Runner.TestRunner3" name="runScenario" time="19.652">
    <failure message="Book Already Requested did not expect [You have requested for this book before.] but found [You have requested for this book before.]" type="java.lang.AssertionError">
      <![CDATA[java.lang.AssertionError: Book Already Requested did not expect [You have requested for this book before.] but found [You have requested for this book before.]
at org.testng.Assert.fail(Assert.java:110)
at org.testng.Assert.failEquals(Assert.java:1581)
at org.testng.Assert.assertNotEqualsImpl(Assert.java:156)
at org.testng.Assert.assertNotEquals(Assert.java:2197)
at com.BooksWagon.StepDefinition.RequestaBookStepDefinition.request_should_be_notify_to_them(RequestaBookStepDefinition.java:83)
at ✽.request should be notify to them(file:///C:/Users/USER/eclipse-workspace/BooksWagon-Project/src/test/resources/RequestABook.feature:7)
]]>
    </failure>
  </testcase> <!-- runScenario -->
  <system-out/>
  <testcase classname="com.BooksWagon.Runner.TestRunner3" name="runScenario" time="16.181">
    <failure message="Book Already Requested did not expect [You have requested for this book before.] but found [You have requested for this book before.]" type="java.lang.AssertionError">
      <![CDATA[java.lang.AssertionError: Book Already Requested did not expect [You have requested for this book before.] but found [You have requested for this book before.]
at org.testng.Assert.fail(Assert.java:110)
at org.testng.Assert.failEquals(Assert.java:1581)
at org.testng.Assert.assertNotEqualsImpl(Assert.java:156)
at org.testng.Assert.assertNotEquals(Assert.java:2197)
at com.BooksWagon.StepDefinition.RequestaBookStepDefinition.request_should_be_notify_to_them(RequestaBookStepDefinition.java:83)
at ✽.request should be notify to them(file:///C:/Users/USER/eclipse-workspace/BooksWagon-Project/src/test/resources/RequestABook.feature:7)
]]>
    </failure>
  </testcase> <!-- runScenario -->
  <system-out/>
  <testcase classname="com.BooksWagon.Runner.TestRunner3" name="runScenario" time="8.701">
    <failure message="Assert not same search item expected [Beyond The Story: 10-Year Record of BTS] but found [BTS BOOK]" type="java.lang.AssertionError">
      <![CDATA[java.lang.AssertionError: Assert not same search item expected [Beyond The Story: 10-Year Record of BTS] but found [BTS BOOK]
at org.testng.Assert.fail(Assert.java:110)
at org.testng.Assert.failNotEquals(Assert.java:1577)
at org.testng.Assert.assertEqualsImpl(Assert.java:149)
at org.testng.Assert.assertEquals(Assert.java:131)
at org.testng.Assert.assertEquals(Assert.java:655)
at com.BooksWagon.StepDefinition.SearchBoxStepDefinition.user_click_on_search_button(SearchBoxStepDefinition.java:48)
at ✽.User click on search button(file:///C:/Users/USER/eclipse-workspace/BooksWagon-Project/src/test/resources/SearchAndTodaysDealFeature.feature:5)
]]>
    </failure>
  </testcase> <!-- runScenario -->
  <system-out/>
</testsuite> <!-- com.BooksWagon.Runner.TestRunner3 -->
