<?xml version="1.0" encoding="UTF-8"?>
<!-- Generated by org.testng.reporters.JUnitXMLReporter -->
<testsuite ignored="0" hostname="LenovoIdeaPad" failures="3" tests="4" name="POMframework for Login" time="62.784" errors="0" timestamp="2023-12-14T22:54:06 IST">
  <testcase classname="io.cucumber.testng.AbstractTestNGCucumberTests" name="runScenario" time="19.652">
    <failure type="java.lang.AssertionError" message="Book Already Requested did not expect [You have requested for this book before.] but found [You have requested for this book before.]">
      <![CDATA[java.lang.AssertionError: Book Already Requested did not expect [You have requested for this book before.] but found [You have requested for this book before.]
at com.BooksWagon.StepDefinition.RequestaBookStepDefinition.request_should_be_notify_to_them(RequestaBookStepDefinition.java:83)
at ✽.request should be notify to them(file:///C:/Users/USER/eclipse-workspace/BooksWagon-Project/src/test/resources/RequestABook.feature:7)
... Removed 4 stack frames]]>
    </failure>
  </testcase> <!-- runScenario -->
  <testcase classname="io.cucumber.testng.AbstractTestNGCucumberTests" name="runScenario" time="16.181">
    <failure type="java.lang.AssertionError" message="Book Already Requested did not expect [You have requested for this book before.] but found [You have requested for this book before.]">
      <![CDATA[java.lang.AssertionError: Book Already Requested did not expect [You have requested for this book before.] but found [You have requested for this book before.]
at com.BooksWagon.StepDefinition.RequestaBookStepDefinition.request_should_be_notify_to_them(RequestaBookStepDefinition.java:83)
at ✽.request should be notify to them(file:///C:/Users/USER/eclipse-workspace/BooksWagon-Project/src/test/resources/RequestABook.feature:7)
... Removed 4 stack frames]]>
    </failure>
  </testcase> <!-- runScenario -->
  <testcase classname="io.cucumber.testng.AbstractTestNGCucumberTests" name="runScenario" time="11.408"/>
  <testcase classname="io.cucumber.testng.AbstractTestNGCucumberTests" name="runScenario" time="8.701">
    <failure type="java.lang.AssertionError" message="Assert not same search item expected [Beyond The Story: 10-Year Record of BTS] but found [BTS BOOK]">
      <![CDATA[java.lang.AssertionError: Assert not same search item expected [Beyond The Story: 10-Year Record of BTS] but found [BTS BOOK]
at com.BooksWagon.StepDefinition.SearchBoxStepDefinition.user_click_on_search_button(SearchBoxStepDefinition.java:48)
at ✽.User click on search button(file:///C:/Users/USER/eclipse-workspace/BooksWagon-Project/src/test/resources/SearchAndTodaysDealFeature.feature:5)
... Removed 5 stack frames]]>
    </failure>
  </testcase> <!-- runScenario -->
</testsuite> <!-- POMframework for Login -->
